<?xml version="1.0" encoding="UTF-8"?>
<testsuite xmlns:xsi="http://www.w3.org/2001/XMLSchema-instance" xsi:noNamespaceSchemaLocation="https://maven.apache.org/surefire/maven-surefire-plugin/xsd/surefire-test-report.xsd" name="TestSuite" time="71.611" tests="16" errors="0" skipped="0" failures="0">
  <properties>
[...]
</properties>
  <testcase name="getApiTestListCountValidation" classname="org.example.GetApiValidate" time="5.32"/>
  <testcase name="getApiTestSchemaValidator" classname="org.example.GetApiValidate" time="2.947"/>
  <testcase name="getApiTestStatusCodeValidator" classname="org.example.GetApiValidate" time="2.23"/>
  <testcase name="getApiInvalidResourceSatusCodeValidation" classname="org.example.GetApiValidateIncorrectResource" time="1.495"/>
  <testcase name="getApiSingleResouceScemaValidation" classname="org.example.GetApiwithSpecificResouceValidate" time="3.864"/>
  <testcase name="getApiSingleResourceBodyValidation" classname="org.example.GetApiwithSpecificResouceValidate" time="2.164"/>
  <testcase name="getApiSingleResourceSizeValidation" classname="org.example.GetApiwithSpecificResouceValidate" time="0"/>
  <testcase name="getApiSingleResourceStausCodeValidation" classname="org.example.GetApiwithSpecificResouceValidate" time="1.52"/>
  <testcase name="postApiDataValidation" classname="org.example.PostApiValidation" time="4.642"/>
  <testcase name="postApiSchemaValidation" classname="org.example.PostApiValidation" time="2.282"/>
  <testcase name="postApiStatusCodeValidation" classname="org.example.PostApiValidation" time="1.465"/>
  <testcase name="putApiDataValidation" classname="org.example.PutApiValidation" time="1.589"/>
  <testcase name="putApiSchemaValidation" classname="org.example.PutApiValidation" time="1.931"/>
  <testcase name="putApiStatusCodeValidator" classname="org.example.PutApiValidation" time="1.498"/>
  <testcase name="deleteApiDataValidation" classname="org.example.DeletApiValidation" time="1.434"/>
  <testcase name="deleteApiStatusCodeValidation" classname="org.example.DeletApiValidation" time="1.637"/>
</testsuite>