<?xml version="1.0" encoding="UTF-8"?>
<!-- Generated by org.testng.reporters.JUnitXMLReporter -->
<testsuite hostname="LK-LP-705.local" name="API-TEST" tests="16" failures="0" timestamp="21 Nov 2020 07:16:07 GMT" time="36.072" errors="0">
  <testcase name="getApiTestListCountValidation" time="5.319" classname="org.example.GetApiValidate"/>
  <testcase name="getApiTestSchemaValidator" time="2.947" classname="org.example.GetApiValidate"/>
  <testcase name="getApiTestStatusCodeValidator" time="1.974" classname="org.example.GetApiValidate"/>
  <testcase name="getApiInvalidResourceSatusCodeValidation" time="1.744" classname="org.example.GetApiValidateIncorrectResource"/>
  <testcase name="getApiSingleResouceScemaValidation" time="3.868" classname="org.example.GetApiwithSpecificResouceValidate"/>
  <testcase name="getApiSingleResourceBodyValidation" time="2.166" classname="org.example.GetApiwithSpecificResouceValidate"/>
  <testcase name="getApiSingleResourceSizeValidation" time="0.001" classname="org.example.GetApiwithSpecificResouceValidate"/>
  <testcase name="getApiSingleResourceStausCodeValidation" time="1.516" classname="org.example.GetApiwithSpecificResouceValidate"/>
  <testcase name="postApiDataValidation" time="4.644" classname="org.example.PostApiValidation"/>
  <testcase name="postApiSchemaValidation" time="2.285" classname="org.example.PostApiValidation"/>
  <testcase name="postApiStatusCodeValidation" time="1.46" classname="org.example.PostApiValidation"/>
  <testcase name="putApiDataValidation" time="1.588" classname="org.example.PutApiValidation"/>
  <testcase name="putApiSchemaValidation" time="1.933" classname="org.example.PutApiValidation"/>
  <testcase name="putApiStatusCodeValidator" time="1.496" classname="org.example.PutApiValidation"/>
  <testcase name="deleteApiDataValidation" time="1.435" classname="org.example.DeletApiValidation"/>
  <testcase name="deleteApiStatusCodeValidation" time="1.636" classname="org.example.DeletApiValidation"/>
</testsuite> <!-- API-TEST -->
